================= ano-dz + protein_28 ================================
MPI level: 2
import_basis() line 607 Warning: no valid basis type in gbs file... assuming Simint
normalization() line 92 Warning: NOT performing normalization for CARTESIAN
Job information:
  molecule:  protein_28.xyz
  basisset:  data
  charge     = 0
  #atoms     = 30
  #shells    = 214
  #functions = 526
  fock build uses   9 (3x3) nodes
  purification uses 8 (2x2x2) nodes
  #tasks = 225 (15x15)
  #nthreads_cpu = 272
Initializing pfock ...
ARMCI-MPI initialized with 9 processes, MPI v3.1
  PROGRESS_THREAD        = DISABLED
  ALLOC_SHM used         = TRUE
  WINDOW type used       = CREATE
  STRIDED_METHOD         = IOV
  IOV_METHOD             = BATCHED
  IOV_BATCHED_LIMIT      = UNLIMITED
  IOV_CHECKS             = FALSE
  SHR_BUF_METHOD         = COPY
  NONCOLLECTIVE_GROUPS   = FALSE
  CACHE_RANK_TRANSLATION = TRUE
  DEBUG_ALLOC            = FALSE

MPI_WIN_MODEL = MPI_WIN_SEPARATE 
MPI_WIN_MODEL = MPI_WIN_SEPARATE 
**** PFock: screening ...
Screen method: 2
Screen tol:    1.000000e-14
MPI_WIN_MODEL = MPI_WIN_SEPARATE 
**** PFock: takes 2.189 secs
MPI_WIN_MODEL = MPI_WIN_SEPARATE 
MPI_WIN_MODEL = MPI_WIN_SEPARATE 
MPI_WIN_MODEL = MPI_WIN_SEPARATE 
  FD size (186 186 526 526)
MPI_WIN_MODEL = MPI_WIN_SEPARATE 
MPI_WIN_MODEL = MPI_WIN_SEPARATE 
MPI_WIN_MODEL = MPI_WIN_SEPARATE 
MPI_WIN_MODEL = MPI_WIN_SEPARATE 
MPI_WIN_MODEL = MPI_WIN_SEPARATE 
MPI_WIN_MODEL = MPI_WIN_SEPARATE 
Screen method: 2
Screen tol:    1.000000e-14
  CPU uses 890.341 MB
  Done
Initializing purification ...
  CPU uses 17.942 MB
  Done
Preprocessing one electron matrices ...
  computing H
MPI_WIN_MODEL = MPI_WIN_SEPARATE 
MPI_WIN_MODEL = MPI_WIN_SEPARATE 
MPI_WIN_MODEL = MPI_WIN_SEPARATE 
  pdsyev_ takes 4.437 secs
MPI_WIN_MODEL = MPI_WIN_SEPARATE 
  takes 5.065 secs
  Done
  computing H
MPI_WIN_MODEL = MPI_WIN_SEPARATE 
  takes 0.454 secs
  Done
Computing SCF ...
  initialing D ...
  nuc energy = 1090.7330354964
  iter 0
**** PFock: correct F ...
    fock build takes 56.507 secs
    energy 1090.7330354964 (0.0000000000)
    diis takes 0.173 secs, 3.375 Gflops
mu_bar = -1.764448e+01, lambda = 7.264203e-01, hmax = 6.770556e+01, hmin = -9.292386e+01, nobtls = 62
    purification takes 0.834 secs, 56 iterations, 40.500 Gflops
  iter 1
**** PFock: correct F ...
    fock build takes 56.206 secs
    energy -681.2407866313 (-1771.9738221277), 1.771974e+03
    diis takes 0.052 secs, 11.196 Gflops
mu_bar = 2.951548e+00, lambda = 6.972479e-01, hmax = 9.187258e+01, hmin = -7.488276e+01, nobtls = 62
    purification takes 0.652 secs, 60 iterations, 55.391 Gflops
  iter 2
**** PFock: correct F ...
    fock build takes 55.994 secs
    energy -414.1878775006 (-1504.9209129970), 2.670529e+02
    diis takes 0.387 secs, 4.515 Gflops
mu_bar = -9.361875e-01, lambda = 7.248452e-01, hmax = 8.459932e+01, hmin = -7.999962e+01, nobtls = 62
    purification takes 0.889 secs, 58 iterations, 39.310 Gflops
  iter 3
**** PFock: correct F ...
    fock build takes 56.896 secs
    energy -258.9742707827 (-1349.7073062791), 1.552136e+02
    diis takes 0.138 secs, 12.656 Gflops
mu_bar = 4.844424e-01, lambda = 7.445103e-01, hmax = 8.376066e+01, hmin = -6.776086e+01, nobtls = 62
    purification takes 0.801 secs, 67 iterations, 50.133 Gflops
  iter 4
**** PFock: correct F ...
    fock build takes 56.688 secs
    energy -674.0192021086 (-1764.7522376050), 4.150449e+02
    diis takes 0.197 secs, 8.877 Gflops
mu_bar = 1.307091e+00, lambda = 7.514945e-01, hmax = 8.380936e+01, hmin = -6.995082e+01, nobtls = 62
    purification takes 0.586 secs, 68 iterations, 69.589 Gflops
  iter 5
**** PFock: correct F ...
    fock build takes 56.460 secs
    energy -542.8794179147 (-1633.6124534111), 1.311398e+02
    diis takes 0.274 secs, 6.365 Gflops
mu_bar = 1.302629e+00, lambda = 7.516055e-01, hmax = 8.379272e+01, hmin = -6.766037e+01, nobtls = 62
    purification takes 0.835 secs, 69 iterations, 49.490 Gflops
  iter 6
**** PFock: correct F ...
    fock build takes 56.375 secs
    energy -734.3519701368 (-1825.0850056332), 1.914726e+02
    diis takes 0.207 secs, 8.443 Gflops
mu_bar = 1.437429e+00, lambda = 7.498366e-01, hmax = 8.412210e+01, hmin = -6.996048e+01, nobtls = 62
    purification takes 0.513 secs, 71 iterations, 82.898 Gflops
  iter 7
**** PFock: correct F ...
    fock build takes 56.962 secs
    energy -475.1248273794 (-1565.8578628758), 2.592271e+02
    diis takes 0.215 secs, 8.104 Gflops
mu_bar = 1.446394e+00, lambda = 7.481261e-01, hmax = 8.432012e+01, hmin = -6.761177e+01, nobtls = 62
    purification takes 0.958 secs, 75 iterations, 46.805 Gflops
  iter 8
**** PFock: correct F ...
    fock build takes 56.995 secs
    energy -833.7815262256 (-1924.5145617220), 3.586567e+02
    diis takes 0.255 secs, 6.850 Gflops
mu_bar = 1.443003e+00, lambda = 7.491620e-01, hmax = 8.420214e+01, hmin = -6.779564e+01, nobtls = 62
    purification takes 0.486 secs, 69 iterations, 85.109 Gflops
  iter 9
**** PFock: correct F ...
    fock build takes 56.430 secs
    energy -815.0434070372 (-1905.7764425336), 1.873812e+01
    diis takes 0.221 secs, 7.916 Gflops
mu_bar = 1.556952e+00, lambda = 7.452560e-01, hmax = 8.474984e+01, hmin = -6.754641e+01, nobtls = 62
    purification takes 1.086 secs, 70 iterations, 38.600 Gflops
  iter 10
**** PFock: correct F ...
    fock build takes 56.562 secs
    energy -825.9505753322 (-1916.6836108286), 1.090717e+01
    diis takes 0.229 secs, 7.642 Gflops
mu_bar = 1.538596e+00, lambda = 7.459952e-01, hmax = 8.464905e+01, hmin = -6.746253e+01, nobtls = 62
    purification takes 0.708 secs, 64 iterations, 54.235 Gflops
  iter 11
**** PFock: correct F ...
    fock build takes 57.921 secs
    energy -865.4054322481 (-1956.1384677445), 3.945486e+01
    diis takes 0.275 secs, 6.350 Gflops
mu_bar = 1.592804e+00, lambda = 7.452291e-01, hmax = 8.478869e+01, hmin = -6.786833e+01, nobtls = 62
    purification takes 0.838 secs, 68 iterations, 48.627 Gflops
  iter 12
**** PFock: correct F ...
    fock build takes 57.094 secs
    energy -866.6060176918 (-1957.3390531881), 1.200585e+00
    diis takes 0.117 secs, 14.886 Gflops
mu_bar = 1.600236e+00, lambda = 7.464028e-01, hmax = 8.466530e+01, hmin = -6.777618e+01, nobtls = 62
    purification takes 0.652 secs, 62 iterations, 57.140 Gflops
  iter 13
**** PFock: correct F ...
    fock build takes 57.155 secs
    energy -869.4366196138 (-1960.1696551102), 2.830602e+00
    diis takes 0.139 secs, 12.554 Gflops
mu_bar = 1.582964e+00, lambda = 7.463085e-01, hmax = 8.465853e+01, hmin = -6.779922e+01, nobtls = 62
    purification takes 0.693 secs, 59 iterations, 51.206 Gflops
  iter 14
**** PFock: correct F ...
    fock build takes 57.124 secs
    energy -869.1503216262 (-1959.8833571225), 2.862980e-01
    diis takes 0.118 secs, 14.741 Gflops
mu_bar = 1.581180e+00, lambda = 7.460220e-01, hmax = 8.468864e+01, hmin = -6.782226e+01, nobtls = 62
    purification takes 0.409 secs, 59 iterations, 86.844 Gflops
  iter 15
**** PFock: correct F ...
    fock build takes 56.114 secs
    energy -869.3620211960 (-1960.0950566924), 2.116996e-01
    diis takes 0.149 secs, 11.720 Gflops
mu_bar = 1.581822e+00, lambda = 7.459382e-01, hmax = 8.469862e+01, hmin = -6.779333e+01, nobtls = 62
    purification takes 0.729 secs, 60 iterations, 49.486 Gflops
  iter 16
**** PFock: correct F ...
    fock build takes 56.786 secs
    energy -869.5124670378 (-1960.2455025342), 1.504458e-01
    diis takes 0.111 secs, 15.700 Gflops
mu_bar = 1.581540e+00, lambda = 7.458249e-01, hmax = 8.471097e+01, hmin = -6.771472e+01, nobtls = 62
    purification takes 0.738 secs, 60 iterations, 48.882 Gflops
  iter 17
**** PFock: correct F ...
    fock build takes 56.759 secs
    energy -869.5805505009 (-1960.3135859973), 6.808346e-02
    diis takes 0.124 secs, 14.125 Gflops
mu_bar = 1.583341e+00, lambda = 7.455788e-01, hmax = 8.474021e+01, hmin = -6.762301e+01, nobtls = 62
    purification takes 1.146 secs, 63 iterations, 33.026 Gflops
  iter 18
**** PFock: correct F ...
    fock build takes 56.460 secs
    energy -869.4313925368 (-1960.1644280332), 1.491580e-01
    diis takes 0.117 secs, 14.954 Gflops
mu_bar = 1.583597e+00, lambda = 7.456434e-01, hmax = 8.473326e+01, hmin = -6.763781e+01, nobtls = 62
    purification takes 0.760 secs, 62 iterations, 49.025 Gflops
  iter 19
**** PFock: correct F ...
    fock build takes 56.243 secs
    energy -869.5273615331 (-1960.2603970295), 9.596900e-02
    diis takes 0.178 secs, 9.810 Gflops
mu_bar = 1.582769e+00, lambda = 7.456772e-01, hmax = 8.472867e+01, hmin = -6.770827e+01, nobtls = 62
    purification takes 0.474 secs, 62 iterations, 78.624 Gflops
  iter 20
**** PFock: correct F ...
    fock build takes 57.035 secs
    energy -869.5906405349 (-1960.3236760313), 6.327900e-02
    diis takes 0.109 secs, 15.989 Gflops
mu_bar = 1.583180e+00, lambda = 7.457615e-01, hmax = 8.471968e+01, hmin = -6.774620e+01, nobtls = 62
    purification takes 0.742 secs, 62 iterations, 50.204 Gflops
  iter 21
**** PFock: correct F ...
    fock build takes 56.065 secs
    energy -869.6615292991 (-1960.3945647955), 7.088876e-02
    diis takes 0.110 secs, 15.918 Gflops
mu_bar = 1.582915e+00, lambda = 7.457933e-01, hmax = 8.471587e+01, hmin = -6.776467e+01, nobtls = 62
    purification takes 0.756 secs, 62 iterations, 49.313 Gflops
  iter 22
**** PFock: correct F ...
    fock build takes 57.428 secs
    energy -869.7009700861 (-1960.4340055825), 3.944079e-02
    diis takes 0.117 secs, 14.960 Gflops
mu_bar = 1.583076e+00, lambda = 7.457987e-01, hmax = 8.471543e+01, hmin = -6.777714e+01, nobtls = 62
    purification takes 0.481 secs, 61 iterations, 76.202 Gflops
  iter 23
**** PFock: correct F ...
    fock build takes 56.799 secs
    energy -869.7079468057 (-1960.4409823021), 6.976720e-03
    diis takes 0.116 secs, 15.110 Gflops
mu_bar = 1.582510e+00, lambda = 7.458255e-01, hmax = 8.471188e+01, hmin = -6.776363e+01, nobtls = 62
    purification takes 0.790 secs, 62 iterations, 47.153 Gflops
  iter 24
**** PFock: correct F ...
    fock build takes 56.585 secs
    energy -869.7051344995 (-1960.4381699959), 2.812306e-03
    diis takes 0.126 secs, 13.839 Gflops
mu_bar = 1.582979e+00, lambda = 7.458319e-01, hmax = 8.471163e+01, hmin = -6.777612e+01, nobtls = 62
    purification takes 0.825 secs, 62 iterations, 45.182 Gflops
  iter 25
**** PFock: correct F ...
    fock build takes 56.359 secs
    energy -869.7146854740 (-1960.4477209704), 9.550974e-03
    diis takes 0.161 secs, 10.837 Gflops
mu_bar = 1.582907e+00, lambda = 7.458878e-01, hmax = 8.470533e+01, hmin = -6.779677e+01, nobtls = 62
    purification takes 0.571 secs, 62 iterations, 65.205 Gflops
  iter 26
**** PFock: correct F ...
    fock build takes 57.347 secs
    energy -869.7461845733 (-1960.4792200697), 3.149910e-02
    diis takes 0.109 secs, 15.983 Gflops
mu_bar = 1.583150e+00, lambda = 7.459536e-01, hmax = 8.469824e+01, hmin = -6.782450e+01, nobtls = 62
    purification takes 0.897 secs, 61 iterations, 40.891 Gflops
  iter 27
**** PFock: correct F ...
    fock build takes 56.484 secs
    energy -869.7632405630 (-1960.4962760594), 1.705599e-02
    diis takes 0.122 secs, 14.290 Gflops
mu_bar = 1.583338e+00, lambda = 7.459167e-01, hmax = 8.470254e+01, hmin = -6.781624e+01, nobtls = 62
    purification takes 1.002 secs, 60 iterations, 36.016 Gflops
  iter 28
**** PFock: correct F ...
    fock build takes 56.431 secs
    energy -869.7678511212 (-1960.5008866176), 4.610558e-03
    diis takes 0.111 secs, 15.750 Gflops
mu_bar = 1.583629e+00, lambda = 7.458884e-01, hmax = 8.470599e+01, hmin = -6.780375e+01, nobtls = 62
    purification takes 0.709 secs, 60 iterations, 50.910 Gflops
  iter 29
**** PFock: correct F ...
Screen method: 2
Screen tol:    1.000000e-14
Screen method: 2
Screen tol:    1.000000e-14
Timer: OSTEI setup, OSTEI actual, fock_task update_F = 37.195979, 1123.500934, 21.799831 sec
Simint statistic: avg. ket-side nprim, prim unscreened ratio, SIMD unscreened ratio = 1153.2, 18.6 %, 21.5 %
Screen method: 2
Screen tol:    1.000000e-14
Screen method: 2
Screen tol:    1.000000e-14
Timer: OSTEI setup, OSTEI actual, fock_task update_F = 36.245220, 1174.047397, 20.652627 sec
Simint statistic: avg. ket-side nprim, prim unscreened ratio, SIMD unscreened ratio = 1226.8, 18.1 %, 21.0 %
Screen method: 2
Screen tol:    1.000000e-14
Screen method: 2
Screen tol:    1.000000e-14
Timer: OSTEI setup, OSTEI actual, fock_task update_F = 35.323641, 1055.876122, 19.351948 sec
Simint statistic: avg. ket-side nprim, prim unscreened ratio, SIMD unscreened ratio = 1230.8, 18.7 %, 21.6 %
Screen method: 2
Screen tol:    1.000000e-14
Screen method: 2
Screen tol:    1.000000e-14
Timer: OSTEI setup, OSTEI actual, fock_task update_F = 36.715836, 1015.562454, 21.027744 sec
Simint statistic: avg. ket-side nprim, prim unscreened ratio, SIMD unscreened ratio = 1151.1, 19.0 %, 21.8 %
Screen method: 2
Screen tol:    1.000000e-14
Screen method: 2
Screen tol:    1.000000e-14
Timer: OSTEI setup, OSTEI actual, fock_task update_F = 38.732188, 980.226512, 21.594978 sec
Simint statistic: avg. ket-side nprim, prim unscreened ratio, SIMD unscreened ratio = 1174.6, 18.8 %, 21.6 %
Screen method: 2
Screen tol:    1.000000e-14
Screen method: 2
Screen tol:    1.000000e-14
Timer: OSTEI setup, OSTEI actual, fock_task update_F = 35.670719, 1003.760940, 20.256111 sec
Simint statistic: avg. ket-side nprim, prim unscreened ratio, SIMD unscreened ratio = 1163.5, 18.9 %, 21.8 %
Screen method: 2
Screen tol:    1.000000e-14
Screen method: 2
Screen tol:    1.000000e-14
Timer: OSTEI setup, OSTEI actual, fock_task update_F = 35.465957, 1064.498316, 19.749644 sec
Simint statistic: avg. ket-side nprim, prim unscreened ratio, SIMD unscreened ratio = 1226.5, 18.8 %, 21.7 %
Screen method: 2
Screen tol:    1.000000e-14
Screen method: 2
Screen tol:    1.000000e-14
Timer: OSTEI setup, OSTEI actual, fock_task update_F = 36.226357, 1079.506769, 21.081957 sec
Simint statistic: avg. ket-side nprim, prim unscreened ratio, SIMD unscreened ratio = 1162.2, 18.7 %, 21.6 %
    fock build takes 56.592 secs
    energy -869.7689927305 (-1960.5020282269), 1.141609e-03
    diis takes 0.144 secs, 12.110 Gflops
mu_bar = 1.583592e+00, lambda = 7.458655e-01, hmax = 8.470850e+01, hmin = -6.779989e+01, nobtls = 62
    purification takes 1.313 secs, 60 iterations, 27.482 Gflops
  totally takes 1728.639 secs: 57.621 secs/iters
  Done
Timer: OSTEI setup, OSTEI actual, fock_task update_F = 35.959127, 1006.954416, 19.085104 sec
Simint statistic: avg. ket-side nprim, prim unscreened ratio, SIMD unscreened ratio = 1166.9, 18.8 %, 21.7 %
