================= 6-31g + protein_35 ================================
MPI level: 2
import_basis() line 597 Warning: found CARTESIAN basis type in gbs file... assuming Simint
normalization() line 92 Warning: NOT performing normalization for CARTESIAN
import_guess() line 829 Found SAD file for H
import_guess() line 859 Using SAD file for H
import_guess() line 829 Found SAD file for C
import_guess() line 859 Using SAD file for C
import_guess() line 829 Found SAD file for N
import_guess() line 859 Using SAD file for N
import_guess() line 829 Found SAD file for O
import_guess() line 859 Using SAD file for O
import_guess() line 829 Found SAD file for P
import_guess() line 859 Using SAD file for P
import_guess() line 829 Found SAD file for S
import_guess() line 859 Using SAD file for S
Job information:
  molecule:  protein_35.xyz
  basisset:  6-31g
  charge     = 0
  #atoms     = 128
  #shells    = 442
  #functions = 690
  fock build uses   9 (3x3) nodes
  purification uses 8 (2x2x2) nodes
  #tasks = 225 (15x15)
  #nthreads_cpu = 272
Initializing pfock ...
ARMCI-MPI initialized with 9 processes, MPI v3.1
  PROGRESS_THREAD        = DISABLED
  ALLOC_SHM used         = TRUE
  WINDOW type used       = ALLOCATE
[0] ARMCI Warning: MPI_Win_allocate can lead to correctness issues.
  STRIDED_METHOD         = IOV
  IOV_METHOD             = BATCHED
  IOV_BATCHED_LIMIT      = UNLIMITED
  IOV_CHECKS             = FALSE
  SHR_BUF_METHOD         = COPY
  NONCOLLECTIVE_GROUPS   = FALSE
  CACHE_RANK_TRANSLATION = TRUE
  DEBUG_ALLOC            = FALSE

MPI_WIN_MODEL = MPI_WIN_SEPARATE 
MPI_WIN_MODEL = MPI_WIN_SEPARATE 
**** PFock: screening ...
Screen method: 2
Screen tol:    1.000000e-14
MPI_WIN_MODEL = MPI_WIN_SEPARATE 
Timer: OSTEI setup, OSTEI actual, fock_task update_F = 0.000309, 0.000896, 0.000000 sec
Simint statistic: avg. ket-side nprim, prim unscreened ratio, SIMD unscreened ratio = 6.8, 27.4 %, 66.0 %
**** PFock: takes 1.479 secs
MPI_WIN_MODEL = MPI_WIN_SEPARATE 
MPI_WIN_MODEL = MPI_WIN_SEPARATE 
MPI_WIN_MODEL = MPI_WIN_SEPARATE 
  FD size (296 296 449 449)
MPI_WIN_MODEL = MPI_WIN_SEPARATE 
MPI_WIN_MODEL = MPI_WIN_SEPARATE 
MPI_WIN_MODEL = MPI_WIN_SEPARATE 
MPI_WIN_MODEL = MPI_WIN_SEPARATE 
MPI_WIN_MODEL = MPI_WIN_SEPARATE 
MPI_WIN_MODEL = MPI_WIN_SEPARATE 
Screen method: 2
Screen tol:    1.000000e-14
  CPU uses 1290.784 MB
  Done
Initializing purification ...
  CPU uses 30.875 MB
  Done
Preprocessing one electron matrices ...
  computing H
MPI_WIN_MODEL = MPI_WIN_SEPARATE 
MPI_WIN_MODEL = MPI_WIN_SEPARATE 
MPI_WIN_MODEL = MPI_WIN_SEPARATE 
  pdsyev_ takes 3.838 secs
MPI_WIN_MODEL = MPI_WIN_SEPARATE 
  takes 4.352 secs
  Done
  computing H
MPI_WIN_MODEL = MPI_WIN_SEPARATE 
  takes 0.318 secs
  Done
Computing SCF ...
  initialing D ...
  nuc energy = 8099.9694115550
  iter 0
**** PFock: correct F ...
    fock build takes 0.962 secs
    energy -2652.6150714875 (-10752.5844830425)
    diis takes 0.071 secs, 18.547 Gflops
mu_bar = -9.122415e+00, lambda = 1.554375e+01, hmax = 2.328586e+00, hmin = -3.794429e+01, nobtls = 242
    purification takes 3.000 secs, 200 iterations, 88.471 Gflops
  iter 1
**** PFock: correct F ...
    fock build takes 0.780 secs
    energy -1792.3957406037 (-9892.3651521587), 8.602193e+02
    diis takes 0.012 secs, 106.981 Gflops
mu_bar = 2.207494e+00, lambda = 1.072525e+01, hmax = 2.477107e+01, hmin = -3.683394e+01, nobtls = 242
    purification takes 0.349 secs, 24 iterations, 97.790 Gflops
  iter 2
**** PFock: correct F ...
    fock build takes 0.784 secs
    energy 2715.9555620607 (-5384.0138494942), 4.508351e+03
    diis takes 0.396 secs, 9.957 Gflops
mu_bar = -6.433004e+00, lambda = 5.614948e+00, hmax = 3.666624e+01, hmin = -5.365762e+01, nobtls = 242
    purification takes 2.758 secs, 200 iterations, 96.230 Gflops
  iter 3
**** PFock: correct F ...
    fock build takes 0.784 secs
    energy 1448.9593122086 (-6651.0100993464), 1.266996e+03
    diis takes 0.223 secs, 17.690 Gflops
mu_bar = -4.364251e+00, lambda = 8.221745e+00, hmax = 2.506989e+01, hmin = -4.321562e+01, nobtls = 242
    purification takes 0.414 secs, 29 iterations, 98.411 Gflops
  iter 4
**** PFock: correct F ...
    fock build takes 0.785 secs
    energy -103.2509220774 (-8203.2203336324), 1.552210e+03
    diis takes 0.238 secs, 16.582 Gflops
mu_bar = -4.176685e+00, lambda = 8.545699e+00, hmax = 2.414165e+01, hmin = -4.210016e+01, nobtls = 242
    purification takes 0.455 secs, 28 iterations, 86.721 Gflops
  iter 5
**** PFock: correct F ...
    fock build takes 0.781 secs
    energy -138.6026614317 (-8238.5720729867), 3.535174e+01
    diis takes 0.214 secs, 18.450 Gflops
mu_bar = -4.169221e+00, lambda = 8.561244e+00, hmax = 2.409770e+01, hmin = -4.208728e+01, nobtls = 242
    purification takes 0.227 secs, 31 iterations, 190.995 Gflops
  iter 6
**** PFock: correct F ...
    fock build takes 0.786 secs
    energy -240.7720197257 (-8340.7414312807), 1.021694e+02
    diis takes 0.234 secs, 16.820 Gflops
mu_bar = -4.168923e+00, lambda = 8.562269e+00, hmax = 2.409461e+01, hmin = -4.208586e+01, nobtls = 242
    purification takes 0.512 secs, 30 iterations, 82.196 Gflops
  iter 7
**** PFock: correct F ...
    fock build takes 0.784 secs
    energy -138.8085764709 (-8238.7779880259), 1.019634e+02
    diis takes 0.324 secs, 12.184 Gflops
mu_bar = -4.167573e+00, lambda = 8.564711e+00, hmax = 2.408790e+01, hmin = -4.207994e+01, nobtls = 242
    purification takes 0.313 secs, 33 iterations, 146.859 Gflops
  iter 8
**** PFock: correct F ...
    fock build takes 0.788 secs
    energy -138.9011419302 (-8238.8705534851), 9.256546e-02
    diis takes 0.329 secs, 11.975 Gflops
mu_bar = -4.167495e+00, lambda = 8.564827e+00, hmax = 2.408760e+01, hmin = -4.207958e+01, nobtls = 242
    purification takes 0.690 secs, 33 iterations, 66.652 Gflops
  iter 9
**** PFock: correct F ...
    fock build takes 0.779 secs
    energy -138.8839269678 (-8238.8533385228), 1.721496e-02
    diis takes 0.345 secs, 11.429 Gflops
mu_bar = -4.166012e+00, lambda = 8.567473e+00, hmax = 2.408036e+01, hmin = -4.207275e+01, nobtls = 242
    purification takes 1.000 secs, 73 iterations, 98.597 Gflops
  iter 10
**** PFock: correct F ...
    fock build takes 0.904 secs
    energy -138.9868810815 (-8238.9562926365), 1.029541e-01
    diis takes 0.345 secs, 11.411 Gflops
mu_bar = -4.162635e+00, lambda = 8.573480e+00, hmax = 2.406394e+01, hmin = -4.205729e+01, nobtls = 242
    purification takes 0.686 secs, 40 iterations, 80.463 Gflops
  iter 11
**** PFock: correct F ...
    fock build takes 0.782 secs
    energy -139.4317845095 (-8239.4011960645), 4.449034e-01
    diis takes 0.336 secs, 11.723 Gflops
mu_bar = -4.160792e+00, lambda = 8.576815e+00, hmax = 2.405481e+01, hmin = -4.204845e+01, nobtls = 242
    purification takes 0.633 secs, 35 iterations, 76.855 Gflops
  iter 12
**** PFock: correct F ...
    fock build takes 0.783 secs
    energy -242.2699110135 (-8342.2393225685), 1.028381e+02
    diis takes 0.121 secs, 32.504 Gflops
mu_bar = -4.160686e+00, lambda = 8.577196e+00, hmax = 2.405366e+01, hmin = -4.204805e+01, nobtls = 242
    purification takes 1.359 secs, 105 iterations, 103.483 Gflops
  iter 13
**** PFock: correct F ...
    fock build takes 0.781 secs
    energy -139.8242474314 (-8239.7936589864), 1.024457e+02
    diis takes 0.096 secs, 41.039 Gflops
mu_bar = -4.160836e+00, lambda = 8.576030e+00, hmax = 2.405735e+01, hmin = -4.204833e+01, nobtls = 242
    purification takes 2.698 secs, 200 iterations, 98.385 Gflops
  iter 14
**** PFock: correct F ...
    fock build takes 0.783 secs
    energy -242.3948356003 (-8342.3642471553), 1.025706e+02
    diis takes 0.119 secs, 33.098 Gflops
mu_bar = -4.160627e+00, lambda = 8.577362e+00, hmax = 2.405318e+01, hmin = -4.204777e+01, nobtls = 242
    purification takes 0.512 secs, 38 iterations, 102.716 Gflops
  iter 15
**** PFock: correct F ...
    fock build takes 0.786 secs
    energy -139.9072529774 (-8239.8766645324), 1.024876e+02
    diis takes 0.079 secs, 50.031 Gflops
mu_bar = -4.160849e+00, lambda = 8.576002e+00, hmax = 2.405743e+01, hmin = -4.204841e+01, nobtls = 242
    purification takes 0.222 secs, 29 iterations, 183.721 Gflops
  iter 16
**** PFock: correct F ...
    fock build takes 0.782 secs
    energy -242.3880188135 (-8342.3574303684), 1.024808e+02
    diis takes 0.055 secs, 71.829 Gflops
mu_bar = -4.160629e+00, lambda = 8.577357e+00, hmax = 2.405319e+01, hmin = -4.204778e+01, nobtls = 242
    purification takes 2.661 secs, 200 iterations, 99.755 Gflops
  iter 17
**** PFock: correct F ...
    fock build takes 0.783 secs
    energy -139.9037929014 (-8239.8732044564), 1.024842e+02
    diis takes 0.101 secs, 39.058 Gflops
mu_bar = -4.160848e+00, lambda = 8.576003e+00, hmax = 2.405743e+01, hmin = -4.204841e+01, nobtls = 242
    purification takes 0.962 secs, 64 iterations, 90.139 Gflops
  iter 18
**** PFock: correct F ...
    fock build takes 0.790 secs
    energy -242.3882238894 (-8342.3576354444), 1.024844e+02
    diis takes 0.084 secs, 47.187 Gflops
mu_bar = -4.160629e+00, lambda = 8.577358e+00, hmax = 2.405319e+01, hmin = -4.204778e+01, nobtls = 242
    purification takes 0.611 secs, 39 iterations, 88.124 Gflops
  iter 19
**** PFock: correct F ...
Screen method: 2
Screen tol:    1.000000e-14
Timer: OSTEI setup, OSTEI actual, fock_task update_F = 0.000247, 0.005424, 0.000000 sec
Simint statistic: avg. ket-side nprim, prim unscreened ratio, SIMD unscreened ratio = 6.3, 29.1 %, 58.5 %
Screen method: 2
Screen tol:    1.000000e-14
Timer: OSTEI setup, OSTEI actual, fock_task update_F = 1.139435, 1.872204, 2.229403 sec
Simint statistic: avg. ket-side nprim, prim unscreened ratio, SIMD unscreened ratio = 76.0, 57.3 %, 73.4 %
Screen method: 2
Screen tol:    1.000000e-14
Timer: OSTEI setup, OSTEI actual, fock_task update_F = 0.000293, 0.005822, 0.000000 sec
Simint statistic: avg. ket-side nprim, prim unscreened ratio, SIMD unscreened ratio = 6.4, 31.4 %, 63.5 %
Screen method: 2
Screen tol:    1.000000e-14
Timer: OSTEI setup, OSTEI actual, fock_task update_F = 1.055055, 1.478174, 2.299584 sec
Simint statistic: avg. ket-side nprim, prim unscreened ratio, SIMD unscreened ratio = 64.1, 58.4 %, 74.4 %
Screen method: 2
Screen tol:    1.000000e-14
Timer: OSTEI setup, OSTEI actual, fock_task update_F = 0.000452, 0.000335, 0.000000 sec
Simint statistic: avg. ket-side nprim, prim unscreened ratio, SIMD unscreened ratio = 6.7, 12.8 %, 84.5 %
Screen method: 2
Screen tol:    1.000000e-14
Timer: OSTEI setup, OSTEI actual, fock_task update_F = 1.014663, 1.364521, 2.368786 sec
Simint statistic: avg. ket-side nprim, prim unscreened ratio, SIMD unscreened ratio = 63.9, 59.3 %, 76.4 %
Screen method: 2
Screen tol:    1.000000e-14
Timer: OSTEI setup, OSTEI actual, fock_task update_F = 0.000337, 0.008314, 0.000000 sec
Simint statistic: avg. ket-side nprim, prim unscreened ratio, SIMD unscreened ratio = 6.7, 18.3 %, 78.4 %
Screen method: 2
Screen tol:    1.000000e-14
Timer: OSTEI setup, OSTEI actual, fock_task update_F = 1.047508, 1.409866, 2.300991 sec
Simint statistic: avg. ket-side nprim, prim unscreened ratio, SIMD unscreened ratio = 65.5, 59.3 %, 76.4 %
Screen method: 2
Screen tol:    1.000000e-14
Timer: OSTEI setup, OSTEI actual, fock_task update_F = 0.000312, 0.000261, 0.000000 sec
Simint statistic: avg. ket-side nprim, prim unscreened ratio, SIMD unscreened ratio = 6.4, 32.4 %, 58.1 %
Screen method: 2
Screen tol:    1.000000e-14
Timer: OSTEI setup, OSTEI actual, fock_task update_F = 1.112599, 1.526003, 2.247515 sec
Simint statistic: avg. ket-side nprim, prim unscreened ratio, SIMD unscreened ratio = 75.4, 58.4 %, 75.6 %
Screen method: 2
Screen tol:    1.000000e-14
Timer: OSTEI setup, OSTEI actual, fock_task update_F = 0.000293, 0.000289, 0.000000 sec
Simint statistic: avg. ket-side nprim, prim unscreened ratio, SIMD unscreened ratio = 6.6, 1.0 %, 87.5 %
Screen method: 2
Screen tol:    1.000000e-14
Timer: OSTEI setup, OSTEI actual, fock_task update_F = 1.082117, 1.409712, 2.305203 sec
Simint statistic: avg. ket-side nprim, prim unscreened ratio, SIMD unscreened ratio = 75.4, 58.3 %, 75.4 %
    fock build takes 0.784 secs
    energy -139.9038902799 (-8239.8733018349), 1.024843e+02
    diis takes 0.091 secs, 43.209 Gflops
mu_bar = -4.160848e+00, lambda = 8.576003e+00, hmax = 2.405743e+01, hmin = -4.204841e+01, nobtls = 242
    purification takes 2.434 secs, 200 iterations, 109.053 Gflops
  totally takes 42.285 secs: 2.114 secs/iters
  Done
Timer: OSTEI setup, OSTEI actual, fock_task update_F = 1.044428, 1.816454, 2.366256 sec
Simint statistic: avg. ket-side nprim, prim unscreened ratio, SIMD unscreened ratio = 65.5, 59.3 %, 76.3 %
Screen method: 2
Screen tol:    1.000000e-14
Timer: OSTEI setup, OSTEI actual, fock_task update_F = 0.000280, 0.005053, 0.000000 sec
Simint statistic: avg. ket-side nprim, prim unscreened ratio, SIMD unscreened ratio = 6.5, 27.4 %, 62.0 %
Screen method: 2
Screen tol:    1.000000e-14
Timer: OSTEI setup, OSTEI actual, fock_task update_F = 1.050439, 1.929789, 2.350920 sec
Simint statistic: avg. ket-side nprim, prim unscreened ratio, SIMD unscreened ratio = 63.9, 59.4 %, 76.6 %
Screen method: 2
Screen tol:    1.000000e-14
Timer: OSTEI setup, OSTEI actual, fock_task update_F = 0.000298, 0.000300, 0.000000 sec
Simint statistic: avg. ket-side nprim, prim unscreened ratio, SIMD unscreened ratio = 6.6, 0.8 %, 87.5 %
Screen method: 2
Screen tol:    1.000000e-14
Timer: OSTEI setup, OSTEI actual, fock_task update_F = 1.077630, 1.507493, 2.254448 sec
Simint statistic: avg. ket-side nprim, prim unscreened ratio, SIMD unscreened ratio = 65.9, 58.3 %, 74.3 %
================= cc-pvdz + 1hsg_35 ================================
MPI level: 2
import_basis() line 607 Warning: no valid basis type in gbs file... assuming Simint
normalization() line 92 Warning: NOT performing normalization for CARTESIAN
import_guess() line 829 Found SAD file for H
import_guess() line 859 Using SAD file for H
import_guess() line 829 Found SAD file for C
import_guess() line 859 Using SAD file for C
import_guess() line 829 Found SAD file for N
import_guess() line 859 Using SAD file for N
import_guess() line 829 Found SAD file for O
import_guess() line 859 Using SAD file for O
import_guess() line 829 Found SAD file for P
import_guess() line 859 Using SAD file for P
import_guess() line 829 Found SAD file for S
import_guess() line 859 Using SAD file for S
[0] ARMCI Warning: MPI_Win_allocate can lead to correctness issues.
Job information:
  molecule:  1hsg_35.xyz
  basisset:  cc-pvdz
  charge     = 0
  #atoms     = 220
  #shells    = 981
  #functions = 2170
  fock build uses   9 (3x3) nodes
  purification uses 8 (2x2x2) nodes
  #tasks = 225 (15x15)
  #nthreads_cpu = 272
Initializing pfock ...
ARMCI-MPI initialized with 9 processes, MPI v3.1
  PROGRESS_THREAD        = DISABLED
  ALLOC_SHM used         = TRUE
  WINDOW type used       = ALLOCATE
  STRIDED_METHOD         = IOV
  IOV_METHOD             = BATCHED
  IOV_BATCHED_LIMIT      = UNLIMITED
  IOV_CHECKS             = FALSE
  SHR_BUF_METHOD         = COPY
  NONCOLLECTIVE_GROUPS   = FALSE
  CACHE_RANK_TRANSLATION = TRUE
  DEBUG_ALLOC            = FALSE

MPI_WIN_MODEL = MPI_WIN_SEPARATE 
MPI_WIN_MODEL = MPI_WIN_SEPARATE 
**** PFock: screening ...
Screen method: 2
Screen tol:    1.000000e-14
MPI_WIN_MODEL = MPI_WIN_SEPARATE 
Timer: OSTEI setup, OSTEI actual, fock_task update_F = 0.001092, 0.003211, 0.000000 sec
Simint statistic: avg. ket-side nprim, prim unscreened ratio, SIMD unscreened ratio = 8.7, 21.4 %, 51.6 %
**** PFock: takes 6.228 secs
MPI_WIN_MODEL = MPI_WIN_SEPARATE 
MPI_WIN_MODEL = MPI_WIN_SEPARATE 
MPI_WIN_MODEL = MPI_WIN_SEPARATE 
  FD size (800 800 1965 1965)
MPI_WIN_MODEL = MPI_WIN_SEPARATE 
MPI_WIN_MODEL = MPI_WIN_SEPARATE 
MPI_WIN_MODEL = MPI_WIN_SEPARATE 
MPI_WIN_MODEL = MPI_WIN_SEPARATE 
MPI_WIN_MODEL = MPI_WIN_SEPARATE 
MPI_WIN_MODEL = MPI_WIN_SEPARATE 
Screen method: 2
Screen tol:    1.000000e-14
  CPU uses 14466.331 MB
  Done
Initializing purification ...
  CPU uses 305.371 MB
  Done
Preprocessing one electron matrices ...
  computing H
MPI_WIN_MODEL = MPI_WIN_SEPARATE 
MPI_WIN_MODEL = MPI_WIN_SEPARATE 
MPI_WIN_MODEL = MPI_WIN_SEPARATE 
  pdsyev_ takes 21.792 secs
MPI_WIN_MODEL = MPI_WIN_SEPARATE 
  takes 23.293 secs
  Done
  computing H
MPI_WIN_MODEL = MPI_WIN_SEPARATE 
  takes 2.501 secs
  Done
Computing SCF ...
  initialing D ...
  nuc energy = 23033.8126499652
  iter 0
**** PFock: correct F ...
    fock build takes 16.337 secs
    energy -5232.9111207701 (-28266.7237707353)
    diis takes 1.423 secs, 28.722 Gflops
mu_bar = 5.193920e-01, lambda = 2.322407e-01, hmax = 1.753011e+03, hmin = -1.700565e+03, nobtls = 407
    purification takes 4.645 secs, 62 iterations, 563.201 Gflops
  iter 1
**** PFock: correct F ...
    fock build takes 14.957 secs
    energy -2241.7507303110 (-25275.5633802762), 2.991160e+03
    diis takes 0.102 secs, 400.134 Gflops
mu_bar = 2.765658e+01, lambda = 8.153554e-03, hmax = 4.994454e+04, hmin = -4.840094e+04, nobtls = 407
    purification takes 5.033 secs, 80 iterations, 665.868 Gflops
  iter 2
**** PFock: correct F ...
    fock build takes 15.460 secs
    energy 3577.3492496442 (-19456.4634003210), 5.819100e+03
    diis takes 1.502 secs, 81.619 Gflops
mu_bar = -1.203078e+01, lambda = 2.155882e-02, hmax = 1.886655e+04, hmin = -1.948754e+04, nobtls = 407
    purification takes 4.772 secs, 71 iterations, 625.200 Gflops
  iter 3
**** PFock: correct F ...
    fock build takes 15.107 secs
    energy 39160.9339233392 (16127.1212733740), 3.558358e+04
    diis takes 1.217 secs, 100.760 Gflops
mu_bar = -1.205757e+01, lambda = 2.151632e-02, hmax = 1.890382e+04, hmin = -1.952603e+04, nobtls = 407
    purification takes 4.955 secs, 72 iterations, 610.477 Gflops
  iter 4
**** PFock: correct F ...
    fock build takes 15.204 secs
    energy 39169.8484318187 (16136.0357818535), 8.914508e+00
    diis takes 1.177 secs, 104.207 Gflops
mu_bar = -1.207242e+01, lambda = 2.149233e-02, hmax = 1.892492e+04, hmin = -1.954781e+04, nobtls = 407
    purification takes 13.632 secs, 200 iterations, 605.658 Gflops
  iter 5
**** PFock: correct F ...
    fock build takes 15.593 secs
    energy 39130.6913810324 (16096.8787310672), 3.915705e+01
    diis takes 1.215 secs, 100.900 Gflops
mu_bar = -1.207398e+01, lambda = 2.149041e-02, hmax = 1.892661e+04, hmin = -1.954956e+04, nobtls = 407
    purification takes 5.659 secs, 80 iterations, 592.289 Gflops
  iter 6
**** PFock: correct F ...
    fock build takes 15.195 secs
    energy 39141.0978521372 (16107.2852021720), 1.040647e+01
    diis takes 1.278 secs, 95.944 Gflops
mu_bar = -1.207380e+01, lambda = 2.149046e-02, hmax = 1.892657e+04, hmin = -1.954952e+04, nobtls = 407
    purification takes 14.053 secs, 200 iterations, 587.539 Gflops
  iter 7
**** PFock: correct F ...
    fock build takes 15.253 secs
    energy 39135.6631861630 (16101.8505361979), 5.434666e+00
    diis takes 1.270 secs, 96.547 Gflops
mu_bar = -1.207738e+01, lambda = 2.148452e-02, hmax = 1.893180e+04, hmin = -1.955491e+04, nobtls = 407
    purification takes 13.818 secs, 200 iterations, 597.523 Gflops
  iter 8
**** PFock: correct F ...
    fock build takes 15.311 secs
    energy 39141.3011891397 (16107.4885391745), 5.638003e+00
    diis takes 1.300 secs, 94.340 Gflops
mu_bar = -1.207738e+01, lambda = 2.148449e-02, hmax = 1.893182e+04, hmin = -1.955494e+04, nobtls = 407
    purification takes 10.319 secs, 154 iterations, 617.911 Gflops
  iter 9
**** PFock: correct F ...
    fock build takes 15.312 secs
    energy 39137.9415227432 (16104.1288727780), 3.359666e+00
    diis takes 1.298 secs, 94.444 Gflops
mu_bar = -1.207811e+01, lambda = 2.148330e-02, hmax = 1.893287e+04, hmin = -1.955603e+04, nobtls = 407
    purification takes 4.708 secs, 71 iterations, 633.758 Gflops
  iter 10
**** PFock: correct F ...
    fock build takes 15.459 secs
    energy 39138.4180320438 (16104.6053820786), 4.765093e-01
    diis takes 1.317 secs, 93.087 Gflops
mu_bar = -1.207770e+01, lambda = 2.148397e-02, hmax = 1.893228e+04, hmin = -1.955542e+04, nobtls = 407
    purification takes 13.033 secs, 200 iterations, 633.496 Gflops
  iter 11
**** PFock: correct F ...
    fock build takes 15.280 secs
    energy 39139.9989782690 (16106.1863283038), 1.580946e+00
    diis takes 1.343 secs, 91.274 Gflops
mu_bar = -1.207837e+01, lambda = 2.148289e-02, hmax = 1.893323e+04, hmin = -1.955639e+04, nobtls = 407
    purification takes 4.912 secs, 72 iterations, 615.800 Gflops
  iter 12
**** PFock: correct F ...
    fock build takes 15.167 secs
    energy 39141.6165704844 (16107.8039205192), 1.617592e+00
    diis takes 0.487 secs, 252.021 Gflops
mu_bar = -1.206880e+01, lambda = 2.149825e-02, hmax = 1.891970e+04, hmin = -1.954243e+04, nobtls = 407
    purification takes 13.136 secs, 200 iterations, 628.547 Gflops
  iter 13
**** PFock: correct F ...
    fock build takes 15.139 secs
    energy 39145.0978959066 (16111.2852459414), 3.481325e+00
    diis takes 0.516 secs, 237.505 Gflops
mu_bar = -1.206929e+01, lambda = 2.149731e-02, hmax = 1.892053e+04, hmin = -1.954328e+04, nobtls = 407
    purification takes 13.071 secs, 200 iterations, 631.675 Gflops
  iter 14
**** PFock: correct F ...
    fock build takes 15.676 secs
    energy 39143.4555837962 (16109.6429338310), 1.642312e+00
    diis takes 0.452 secs, 271.081 Gflops
mu_bar = -1.206884e+01, lambda = 2.149806e-02, hmax = 1.891987e+04, hmin = -1.954260e+04, nobtls = 407
    purification takes 5.173 secs, 81 iterations, 655.830 Gflops
  iter 15
**** PFock: correct F ...
    fock build takes 15.401 secs
    energy 39143.8709577404 (16110.0583077752), 4.153739e-01
    diis takes 0.453 secs, 270.576 Gflops
mu_bar = -1.206887e+01, lambda = 2.149801e-02, hmax = 1.891991e+04, hmin = -1.954264e+04, nobtls = 407
    purification takes 12.112 secs, 200 iterations, 681.672 Gflops
  iter 16
**** PFock: correct F ...
    fock build takes 15.387 secs
    energy 39144.0585813712 (16110.2459314060), 1.876236e-01
    diis takes 0.448 secs, 273.647 Gflops
mu_bar = -1.206887e+01, lambda = 2.149801e-02, hmax = 1.891991e+04, hmin = -1.954264e+04, nobtls = 407
    purification takes 12.207 secs, 200 iterations, 676.342 Gflops
  iter 17
**** PFock: correct F ...
    fock build takes 15.290 secs
    energy 39143.9425721742 (16110.1299222091), 1.160092e-01
    diis takes 0.459 secs, 266.946 Gflops
mu_bar = -1.206886e+01, lambda = 2.149802e-02, hmax = 1.891991e+04, hmin = -1.954264e+04, nobtls = 407
    purification takes 4.748 secs, 71 iterations, 628.373 Gflops
  iter 18
**** PFock: correct F ...
    fock build takes 15.166 secs
    energy 39144.0124130404 (16110.1997630752), 6.984087e-02
    diis takes 0.455 secs, 269.606 Gflops
mu_bar = -1.206886e+01, lambda = 2.149802e-02, hmax = 1.891991e+04, hmin = -1.954264e+04, nobtls = 407
    purification takes 12.737 secs, 200 iterations, 648.213 Gflops
  iter 19
**** PFock: correct F ...
    fock build takes 15.276 secs
    energy 39143.9961492693 (16110.1834993041), 1.626377e-02
    diis takes 0.531 secs, 231.089 Gflops
mu_bar = -1.206886e+01, lambda = 2.149802e-02, hmax = 1.891991e+04, hmin = -1.954264e+04, nobtls = 407
    purification takes 12.804 secs, 200 iterations, 644.820 Gflops
  iter 20
**** PFock: correct F ...
    fock build takes 15.309 secs
    energy 39144.0021183506 (16110.1894683854), 5.969081e-03
    diis takes 0.443 secs, 276.808 Gflops
mu_bar = -1.206886e+01, lambda = 2.149802e-02, hmax = 1.891991e+04, hmin = -1.954264e+04, nobtls = 407
    purification takes 7.562 secs, 109 iterations, 599.931 Gflops
  iter 21
**** PFock: correct F ...
    fock build takes 15.167 secs
    energy 39144.0067199904 (16110.1940700252), 4.601640e-03
    diis takes 0.474 secs, 258.899 Gflops
mu_bar = -1.206886e+01, lambda = 2.149802e-02, hmax = 1.891991e+04, hmin = -1.954264e+04, nobtls = 407
    purification takes 12.610 secs, 200 iterations, 654.727 Gflops
  iter 22
**** PFock: correct F ...
    fock build takes 15.248 secs
    energy 39144.0056100731 (16110.1929601079), 1.109917e-03
    diis takes 0.464 secs, 264.084 Gflops
mu_bar = -1.206886e+01, lambda = 2.149802e-02, hmax = 1.891991e+04, hmin = -1.954264e+04, nobtls = 407
    purification takes 12.837 secs, 200 iterations, 643.148 Gflops
  iter 23
**** PFock: correct F ...
    fock build takes 15.271 secs
    energy 39144.0089305227 (16110.1962805575), 3.320450e-03
    diis takes 0.422 secs, 290.811 Gflops
mu_bar = -1.206886e+01, lambda = 2.149802e-02, hmax = 1.891991e+04, hmin = -1.954264e+04, nobtls = 407
    purification takes 13.212 secs, 200 iterations, 624.907 Gflops
  iter 24
**** PFock: correct F ...
    fock build takes 15.212 secs
    energy 39144.0086057790 (16110.1959558139), 3.247437e-04
    diis takes 0.478 secs, 256.261 Gflops
mu_bar = -1.206886e+01, lambda = 2.149802e-02, hmax = 1.891991e+04, hmin = -1.954264e+04, nobtls = 407
    purification takes 12.967 secs, 200 iterations, 636.701 Gflops
  iter 25
**** PFock: correct F ...
    fock build takes 15.270 secs
    energy 39144.0102682309 (16110.1976182657), 1.662452e-03
    diis takes 0.417 secs, 294.282 Gflops
mu_bar = -1.206886e+01, lambda = 2.149802e-02, hmax = 1.891991e+04, hmin = -1.954264e+04, nobtls = 407
    purification takes 4.599 secs, 70 iterations, 639.827 Gflops
  iter 26
**** PFock: correct F ...
    fock build takes 15.133 secs
    energy 39144.0103628019 (16110.1977128367), 9.457094e-05
    diis takes 0.444 secs, 276.133 Gflops
mu_bar = -1.206886e+01, lambda = 2.149802e-02, hmax = 1.891991e+04, hmin = -1.954264e+04, nobtls = 407
    purification takes 12.635 secs, 200 iterations, 653.458 Gflops
  iter 27
**** PFock: correct F ...
    fock build takes 15.380 secs
    energy 39144.0110431436 (16110.1983931784), 6.803418e-04
    diis takes 0.465 secs, 263.509 Gflops
mu_bar = -1.206886e+01, lambda = 2.149802e-02, hmax = 1.891991e+04, hmin = -1.954264e+04, nobtls = 407
    purification takes 12.645 secs, 200 iterations, 652.945 Gflops
  iter 28
**** PFock: correct F ...
    fock build takes 15.210 secs
    energy 39144.0113137918 (16110.1986638266), 2.706481e-04
    diis takes 0.518 secs, 236.756 Gflops
mu_bar = -1.206886e+01, lambda = 2.149802e-02, hmax = 1.891991e+04, hmin = -1.954264e+04, nobtls = 407
    purification takes 10.279 secs, 168 iterations, 675.990 Gflops
  iter 29
**** PFock: correct F ...
Screen method: 2
Screen tol:    1.000000e-14
Timer: OSTEI setup, OSTEI actual, fock_task update_F = 0.001237, 0.071412, 0.000000 sec
Simint statistic: avg. ket-side nprim, prim unscreened ratio, SIMD unscreened ratio = 8.7, 20.1 %, 54.7 %
Screen method: 2
Screen tol:    1.000000e-14
Timer: OSTEI setup, OSTEI actual, fock_task update_F = 51.913592, 94.961852, 141.338107 sec
Simint statistic: avg. ket-side nprim, prim unscreened ratio, SIMD unscreened ratio = 89.2, 40.3 %, 53.0 %
    fock build takes 15.586 secs
    energy 39144.0115562686 (16110.1989063034), 2.424768e-04
    diis takes 0.418 secs, 293.590 Gflops
mu_bar = -1.206886e+01, lambda = 2.149802e-02, hmax = 1.891991e+04, hmin = -1.954264e+04, nobtls = 407
    purification takes 5.087 secs, 71 iterations, 586.559 Gflops
  totally takes 772.512 secs: 25.750 secs/iters
  Done
Timer: OSTEI setup, OSTEI actual, fock_task update_F = 50.976420, 88.843688, 145.324741 sec
Simint statistic: avg. ket-side nprim, prim unscreened ratio, SIMD unscreened ratio = 87.6, 41.2 %, 54.6 %
Screen method: 2
Screen tol:    1.000000e-14
Timer: OSTEI setup, OSTEI actual, fock_task update_F = 0.001229, 0.068513, 0.000000 sec
Simint statistic: avg. ket-side nprim, prim unscreened ratio, SIMD unscreened ratio = 8.9, 11.6 %, 75.4 %
Screen method: 2
Screen tol:    1.000000e-14
Timer: OSTEI setup, OSTEI actual, fock_task update_F = 49.695629, 83.284940, 141.181747 sec
Simint statistic: avg. ket-side nprim, prim unscreened ratio, SIMD unscreened ratio = 87.6, 40.1 %, 53.6 %
Screen method: 2
Screen tol:    1.000000e-14
Timer: OSTEI setup, OSTEI actual, fock_task update_F = 0.001613, 0.001858, 0.000000 sec
Simint statistic: avg. ket-side nprim, prim unscreened ratio, SIMD unscreened ratio = 8.7, 2.3 %, 92.4 %
Screen method: 2
Screen tol:    1.000000e-14
Timer: OSTEI setup, OSTEI actual, fock_task update_F = 49.338859, 77.697980, 135.747480 sec
Simint statistic: avg. ket-side nprim, prim unscreened ratio, SIMD unscreened ratio = 89.1, 40.8 %, 53.7 %
Screen method: 2
Screen tol:    1.000000e-14
Timer: OSTEI setup, OSTEI actual, fock_task update_F = 0.001391, 0.026089, 0.000000 sec
Simint statistic: avg. ket-side nprim, prim unscreened ratio, SIMD unscreened ratio = 8.9, 9.3 %, 86.9 %
Screen method: 2
Screen tol:    1.000000e-14
Timer: OSTEI setup, OSTEI actual, fock_task update_F = 49.655919, 80.492846, 135.304105 sec
Simint statistic: avg. ket-side nprim, prim unscreened ratio, SIMD unscreened ratio = 89.2, 39.7 %, 52.8 %
Screen method: 2
Screen tol:    1.000000e-14
Timer: OSTEI setup, OSTEI actual, fock_task update_F = 0.001108, 0.059210, 0.000000 sec
Simint statistic: avg. ket-side nprim, prim unscreened ratio, SIMD unscreened ratio = 8.9, 10.9 %, 78.5 %
Screen method: 2
Screen tol:    1.000000e-14
Timer: OSTEI setup, OSTEI actual, fock_task update_F = 48.989834, 79.215344, 140.854973 sec
Simint statistic: avg. ket-side nprim, prim unscreened ratio, SIMD unscreened ratio = 86.1, 39.7 %, 52.8 %
Screen method: 2
Screen tol:    1.000000e-14
Timer: OSTEI setup, OSTEI actual, fock_task update_F = 0.001114, 0.023881, 0.000000 sec
Simint statistic: avg. ket-side nprim, prim unscreened ratio, SIMD unscreened ratio = 8.9, 10.3 %, 78.9 %
Screen method: 2
Screen tol:    1.000000e-14
Timer: OSTEI setup, OSTEI actual, fock_task update_F = 48.650452, 82.725926, 137.994891 sec
Simint statistic: avg. ket-side nprim, prim unscreened ratio, SIMD unscreened ratio = 86.0, 40.2 %, 53.6 %
Screen method: 2
Screen tol:    1.000000e-14
Timer: OSTEI setup, OSTEI actual, fock_task update_F = 0.001314, 0.067169, 0.000000 sec
Simint statistic: avg. ket-side nprim, prim unscreened ratio, SIMD unscreened ratio = 9.1, 19.7 %, 53.2 %
Screen method: 2
Screen tol:    1.000000e-14
Timer: OSTEI setup, OSTEI actual, fock_task update_F = 49.216707, 89.161192, 140.244577 sec
Simint statistic: avg. ket-side nprim, prim unscreened ratio, SIMD unscreened ratio = 85.9, 39.1 %, 52.7 %
Screen method: 2
Screen tol:    1.000000e-14
Timer: OSTEI setup, OSTEI actual, fock_task update_F = 0.001327, 0.001251, 0.000000 sec
Simint statistic: avg. ket-side nprim, prim unscreened ratio, SIMD unscreened ratio = 8.7, 4.3 %, 92.5 %
Screen method: 2
Screen tol:    1.000000e-14
Timer: OSTEI setup, OSTEI actual, fock_task update_F = 51.066204, 78.977085, 145.282702 sec
Simint statistic: avg. ket-side nprim, prim unscreened ratio, SIMD unscreened ratio = 87.8, 40.7 %, 53.8 %
================= aug-cc-pvtz + protein_28 ================================
MPI level: 2
import_basis() line 607 Warning: no valid basis type in gbs file... assuming Simint
normalization() line 92 Warning: NOT performing normalization for CARTESIAN
import_guess() line 829 Found SAD file for H
import_guess() line 859 Using SAD file for H
import_guess() line 829 Found SAD file for C
import_guess() line 859 Using SAD file for C
import_guess() line 829 Found SAD file for N
import_guess() line 859 Using SAD file for N
import_guess() line 829 Found SAD file for O
import_guess() line 859 Using SAD file for O
import_guess() line 829 Found SAD file for P
import_guess() line 859 Using SAD file for P
import_guess() line 829 Found SAD file for S
import_guess() line 859 Using SAD file for S
[0] ARMCI Warning: MPI_Win_allocate can lead to correctness issues.
Job information:
  molecule:  protein_28.xyz
  basisset:  aug-cc-pvtz
  charge     = 0
  #atoms     = 30
  #shells    = 350
  #functions = 1230
  fock build uses   9 (3x3) nodes
  purification uses 8 (2x2x2) nodes
  #tasks = 225 (15x15)
  #nthreads_cpu = 272
Initializing pfock ...
ARMCI-MPI initialized with 9 processes, MPI v3.1
  PROGRESS_THREAD        = DISABLED
  ALLOC_SHM used         = TRUE
  WINDOW type used       = ALLOCATE
  STRIDED_METHOD         = IOV
  IOV_METHOD             = BATCHED
  IOV_BATCHED_LIMIT      = UNLIMITED
  IOV_CHECKS             = FALSE
  SHR_BUF_METHOD         = COPY
  NONCOLLECTIVE_GROUPS   = FALSE
  CACHE_RANK_TRANSLATION = TRUE
  DEBUG_ALLOC            = FALSE

MPI_WIN_MODEL = MPI_WIN_SEPARATE 
MPI_WIN_MODEL = MPI_WIN_SEPARATE 
**** PFock: screening ...
Screen method: 2
Screen tol:    1.000000e-14
MPI_WIN_MODEL = MPI_WIN_SEPARATE 
Timer: OSTEI setup, OSTEI actual, fock_task update_F = 0.000218, 0.011929, 0.000000 sec
Simint statistic: avg. ket-side nprim, prim unscreened ratio, SIMD unscreened ratio = 3.2, 28.7 %, 51.4 %
**** PFock: takes 1.127 secs
MPI_WIN_MODEL = MPI_WIN_SEPARATE 
MPI_WIN_MODEL = MPI_WIN_SEPARATE 
MPI_WIN_MODEL = MPI_WIN_SEPARATE 
  FD size (425 425 1230 1230)
MPI_WIN_MODEL = MPI_WIN_SEPARATE 
MPI_WIN_MODEL = MPI_WIN_SEPARATE 
MPI_WIN_MODEL = MPI_WIN_SEPARATE 
MPI_WIN_MODEL = MPI_WIN_SEPARATE 
MPI_WIN_MODEL = MPI_WIN_SEPARATE 
MPI_WIN_MODEL = MPI_WIN_SEPARATE 
Screen method: 2
Screen tol:    1.000000e-14
  CPU uses 4747.229 MB
  Done
Initializing purification ...
  CPU uses 98.111 MB
  Done
Preprocessing one electron matrices ...
  computing H
MPI_WIN_MODEL = MPI_WIN_SEPARATE 
MPI_WIN_MODEL = MPI_WIN_SEPARATE 
MPI_WIN_MODEL = MPI_WIN_SEPARATE 
  pdsyev_ takes 7.155 secs
MPI_WIN_MODEL = MPI_WIN_SEPARATE 
  takes 7.969 secs
  Done
  computing H
MPI_WIN_MODEL = MPI_WIN_SEPARATE 
  takes 0.186 secs
  Done
Computing SCF ...
  initialing D ...
  nuc energy = 1090.7330354964
  iter 0
**** PFock: correct F ...
    fock build takes 14.990 secs
    energy -859.2125353404 (-1949.9455708368)
    diis takes 0.224 secs, 33.183 Gflops
mu_bar = 2.096728e+00, lambda = 5.741815e-02, hmax = 1.081895e+03, hmin = -1.075900e+03, nobtls = 62
    purification takes 5.236 secs, 182 iterations, 261.554 Gflops
  iter 1
**** PFock: correct F ...
    fock build takes 14.465 secs
    energy -1519.0146182663 (-2609.7476537627), 6.598021e+02
    diis takes 0.035 secs, 214.046 Gflops
mu_bar = -8.297768e+00, lambda = 2.688955e-01, hmax = 2.222751e+02, hmin = -2.476125e+02, nobtls = 62
    purification takes 3.240 secs, 117 iterations, 273.369 Gflops
  iter 2
**** PFock: correct F ...
    fock build takes 14.321 secs
    energy -474.7195395132 (-1565.4525750096), 1.044295e+03
    diis takes 0.768 secs, 29.064 Gflops
mu_bar = 3.023837e+00, lambda = 3.589105e-02, hmax = 1.730474e+03, hmin = -1.740259e+03, nobtls = 62
    purification takes 5.789 secs, 200 iterations, 259.711 Gflops
  iter 3
**** PFock: correct F ...
    fock build takes 14.389 secs
    energy -1237.9590187087 (-2328.6920542051), 7.632395e+02
    diis takes 0.545 secs, 40.952 Gflops
mu_bar = -8.055366e+00, lambda = 2.492767e-01, hmax = 2.406642e+02, hmin = -2.675823e+02, nobtls = 62
    purification takes 3.038 secs, 108 iterations, 269.480 Gflops
  iter 4
**** PFock: correct F ...
    fock build takes 14.385 secs
    energy 1006.7655652579 (-83.9674702385), 2.244725e+03
    diis takes 0.557 secs, 40.068 Gflops
mu_bar = -7.942691e+00, lambda = 2.557116e-01, hmax = 2.345180e+02, hmin = -2.611549e+02, nobtls = 62
    purification takes 3.298 secs, 110 iterations, 252.811 Gflops
  iter 5
**** PFock: correct F ...
    fock build takes 14.377 secs
    energy 566.9917903301 (-523.7412451663), 4.397738e+02
    diis takes 0.558 secs, 40.053 Gflops
mu_bar = -7.937475e+00, lambda = 2.563521e-01, hmax = 2.339174e+02, hmin = -2.605392e+02, nobtls = 62
    purification takes 3.057 secs, 110 iterations, 272.681 Gflops
  iter 6
**** PFock: correct F ...
    fock build takes 14.333 secs
    energy 545.3253422486 (-545.4076932478), 2.166645e+01
    diis takes 0.596 secs, 37.489 Gflops
mu_bar = -7.930864e+00, lambda = 2.561778e-01, hmax = 2.340886e+02, hmin = -2.606963e+02, nobtls = 62
    purification takes 3.006 secs, 110 iterations, 277.366 Gflops
  iter 7
**** PFock: correct F ...
    fock build takes 14.430 secs
    energy 516.5403203390 (-574.1927151574), 2.878502e+01
    diis takes 0.662 secs, 33.755 Gflops
mu_bar = -7.930818e+00, lambda = 2.562365e-01, hmax = 2.340331e+02, hmin = -2.606364e+02, nobtls = 62
    purification takes 2.909 secs, 110 iterations, 286.616 Gflops
  iter 8
**** PFock: correct F ...
    fock build takes 14.317 secs
    energy 518.3446973157 (-572.3883381807), 1.804377e+00
    diis takes 0.598 secs, 37.334 Gflops
mu_bar = -7.911638e+00, lambda = 2.580743e-01, hmax = 2.323292e+02, hmin = -2.588718e+02, nobtls = 62
    purification takes 3.086 secs, 111 iterations, 272.521 Gflops
  iter 9
**** PFock: correct F ...
    fock build takes 14.380 secs
    energy 443.3132305084 (-647.4198049880), 7.503147e+01
    diis takes 0.586 secs, 38.074 Gflops
mu_bar = -7.911024e+00, lambda = 2.582202e-01, hmax = 2.321941e+02, hmin = -2.587353e+02, nobtls = 62
    purification takes 2.961 secs, 111 iterations, 284.017 Gflops
  iter 10
**** PFock: correct F ...
    fock build takes 14.369 secs
    energy 442.1657373885 (-648.5672981079), 1.147493e+00
    diis takes 0.583 secs, 38.333 Gflops
mu_bar = -7.905481e+00, lambda = 2.585699e-01, hmax = 2.318750e+02, hmin = -2.584058e+02, nobtls = 62
    purification takes 3.130 secs, 111 iterations, 268.721 Gflops
  iter 11
**** PFock: correct F ...
    fock build takes 14.339 secs
    energy 425.8786811340 (-664.8543543624), 1.628706e+01
    diis takes 0.614 secs, 36.375 Gflops
mu_bar = -7.881565e+00, lambda = 2.603404e-01, hmax = 2.302682e+02, hmin = -2.567668e+02, nobtls = 62
    purification takes 3.040 secs, 111 iterations, 276.640 Gflops
  iter 12
**** PFock: correct F ...
    fock build takes 14.373 secs
    energy 352.4342969762 (-738.2987385202), 7.344438e+01
    diis takes 0.182 secs, 122.566 Gflops
mu_bar = -7.905283e+00, lambda = 2.577161e-01, hmax = 2.326695e+02, hmin = -2.592433e+02, nobtls = 62
    purification takes 2.975 secs, 111 iterations, 282.718 Gflops
  iter 13
**** PFock: correct F ...
    fock build takes 14.347 secs
    energy 421.0014187650 (-669.7316167313), 6.856712e+01
    diis takes 0.170 secs, 131.617 Gflops
mu_bar = -7.924400e+00, lambda = 2.559642e-01, hmax = 2.342969e+02, hmin = -2.609416e+02, nobtls = 62
    purification takes 3.185 secs, 111 iterations, 264.072 Gflops
  iter 14
**** PFock: correct F ...
    fock build takes 14.402 secs
    energy 488.2226805151 (-602.5103549813), 6.722126e+01
    diis takes 0.167 secs, 133.716 Gflops
mu_bar = -7.889171e+00, lambda = 2.590009e-01, hmax = 2.314923e+02, hmin = -2.580569e+02, nobtls = 62
    purification takes 3.410 secs, 112 iterations, 248.840 Gflops
  iter 15
**** PFock: correct F ...
    fock build takes 14.360 secs
    energy 366.5062087198 (-724.2268267766), 1.217165e+02
    diis takes 0.183 secs, 122.192 Gflops
mu_bar = -7.937498e+00, lambda = 2.554640e-01, hmax = 2.347582e+02, hmin = -2.614659e+02, nobtls = 62
    purification takes 3.291 secs, 110 iterations, 253.342 Gflops
  iter 16
**** PFock: correct F ...
    fock build takes 14.403 secs
    energy 530.3559830151 (-560.3770524813), 1.638498e+02
    diis takes 0.169 secs, 131.821 Gflops
mu_bar = -7.925250e+00, lambda = 2.561781e-01, hmax = 2.340939e+02, hmin = -2.607779e+02, nobtls = 62
    purification takes 2.614 secs, 111 iterations, 321.724 Gflops
  iter 17
**** PFock: correct F ...
    fock build takes 14.336 secs
    energy 488.6427777306 (-602.0902577658), 4.171321e+01
    diis takes 0.214 secs, 104.380 Gflops
mu_bar = -7.937717e+00, lambda = 2.554530e-01, hmax = 2.347684e+02, hmin = -2.614791e+02, nobtls = 62
    purification takes 2.398 secs, 110 iterations, 347.704 Gflops
  iter 18
**** PFock: correct F ...
    fock build takes 14.304 secs
    energy 530.2130332798 (-560.5200022165), 4.157026e+01
    diis takes 0.250 secs, 89.454 Gflops
mu_bar = -7.910385e+00, lambda = 2.568954e-01, hmax = 2.334329e+02, hmin = -2.600494e+02, nobtls = 62
    purification takes 2.984 secs, 112 iterations, 284.348 Gflops
  iter 19
**** PFock: correct F ...
Screen method: 2
Screen tol:    1.000000e-14
Timer: OSTEI setup, OSTEI actual, fock_task update_F = 0.000243, 0.236317, 0.000000 sec
Simint statistic: avg. ket-side nprim, prim unscreened ratio, SIMD unscreened ratio = 3.1, 29.2 %, 53.6 %
Screen method: 2
Screen tol:    1.000000e-14
Timer: OSTEI setup, OSTEI actual, fock_task update_F = 9.888868, 74.298833, 82.742084 sec
Simint statistic: avg. ket-side nprim, prim unscreened ratio, SIMD unscreened ratio = 39.3, 65.0 %, 75.7 %
Screen method: 2
Screen tol:    1.000000e-14
Timer: OSTEI setup, OSTEI actual, fock_task update_F = 0.000240, 0.214214, 0.000000 sec
Simint statistic: avg. ket-side nprim, prim unscreened ratio, SIMD unscreened ratio = 3.3, 18.0 %, 65.0 %
Screen method: 2
Screen tol:    1.000000e-14
Timer: OSTEI setup, OSTEI actual, fock_task update_F = 9.524757, 75.956379, 81.918867 sec
Simint statistic: avg. ket-side nprim, prim unscreened ratio, SIMD unscreened ratio = 41.0, 63.5 %, 75.0 %
Screen method: 2
Screen tol:    1.000000e-14
Timer: OSTEI setup, OSTEI actual, fock_task update_F = 0.000263, 0.217103, 0.000000 sec
Simint statistic: avg. ket-side nprim, prim unscreened ratio, SIMD unscreened ratio = 3.3, 17.8 %, 66.9 %
Screen method: 2
Screen tol:    1.000000e-14
Timer: OSTEI setup, OSTEI actual, fock_task update_F = 9.343207, 74.371777, 81.479361 sec
Simint statistic: avg. ket-side nprim, prim unscreened ratio, SIMD unscreened ratio = 39.7, 63.3 %, 74.6 %
Screen method: 2
Screen tol:    1.000000e-14
Timer: OSTEI setup, OSTEI actual, fock_task update_F = 0.000211, 0.201477, 0.000000 sec
Simint statistic: avg. ket-side nprim, prim unscreened ratio, SIMD unscreened ratio = 3.3, 17.8 %, 66.9 %
Screen method: 2
Screen tol:    1.000000e-14
Timer: OSTEI setup, OSTEI actual, fock_task update_F = 9.375005, 80.944545, 83.438933 sec
Simint statistic: avg. ket-side nprim, prim unscreened ratio, SIMD unscreened ratio = 39.2, 63.8 %, 74.6 %
Screen method: 2
Screen tol:    1.000000e-14
Timer: OSTEI setup, OSTEI actual, fock_task update_F = 0.000298, 0.204814, 0.000000 sec
Simint statistic: avg. ket-side nprim, prim unscreened ratio, SIMD unscreened ratio = 3.3, 18.5 %, 65.5 %
Screen method: 2
Screen tol:    1.000000e-14
Timer: OSTEI setup, OSTEI actual, fock_task update_F = 9.833636, 74.701244, 81.326834 sec
Simint statistic: avg. ket-side nprim, prim unscreened ratio, SIMD unscreened ratio = 40.9, 63.1 %, 74.6 %
Screen method: 2
Screen tol:    1.000000e-14
Timer: OSTEI setup, OSTEI actual, fock_task update_F = 0.000266, 0.229126, 0.000000 sec
Simint statistic: avg. ket-side nprim, prim unscreened ratio, SIMD unscreened ratio = 3.5, 34.5 %, 65.0 %
Screen method: 2
Screen tol:    1.000000e-14
Timer: OSTEI setup, OSTEI actual, fock_task update_F = 8.892643, 88.986051, 84.143210 sec
Simint statistic: avg. ket-side nprim, prim unscreened ratio, SIMD unscreened ratio = 41.0, 62.3 %, 74.1 %
    fock build takes 14.346 secs
    energy 441.2062290070 (-649.5268064894), 8.900680e+01
    diis takes 0.206 secs, 108.342 Gflops
mu_bar = -7.961901e+00, lambda = 2.531875e-01, hmax = 2.369159e+02, hmin = -2.636524e+02, nobtls = 62
    purification takes 2.990 secs, 110 iterations, 278.816 Gflops
  totally takes 361.477 secs: 18.074 secs/iters
  Done
Timer: OSTEI setup, OSTEI actual, fock_task update_F = 9.623470, 66.939081, 78.324519 sec
Simint statistic: avg. ket-side nprim, prim unscreened ratio, SIMD unscreened ratio = 39.7, 64.1 %, 75.3 %
Screen method: 2
Screen tol:    1.000000e-14
Timer: OSTEI setup, OSTEI actual, fock_task update_F = 0.000220, 0.162338, 0.000000 sec
Simint statistic: avg. ket-side nprim, prim unscreened ratio, SIMD unscreened ratio = 3.2, 21.7 %, 80.3 %
Screen method: 2
Screen tol:    1.000000e-14
Timer: OSTEI setup, OSTEI actual, fock_task update_F = 9.908628, 69.327645, 81.201171 sec
Simint statistic: avg. ket-side nprim, prim unscreened ratio, SIMD unscreened ratio = 39.8, 64.4 %, 75.6 %
Screen method: 2
Screen tol:    1.000000e-14
Timer: OSTEI setup, OSTEI actual, fock_task update_F = 0.000227, 0.117420, 0.000000 sec
Simint statistic: avg. ket-side nprim, prim unscreened ratio, SIMD unscreened ratio = 3.2, 22.7 %, 81.4 %
Screen method: 2
Screen tol:    1.000000e-14
Timer: OSTEI setup, OSTEI actual, fock_task update_F = 9.870498, 70.113441, 80.718094 sec
Simint statistic: avg. ket-side nprim, prim unscreened ratio, SIMD unscreened ratio = 39.3, 64.6 %, 75.3 %
