================= aug-cc-pvtz + 1hsg_28 ================================
MPI level: 2
import_basis() line 607 Warning: no valid basis type in gbs file... assuming Simint
normalization() line 92 Warning: NOT performing normalization for CARTESIAN
import_guess() line 829 Found SAD file for H
import_guess() line 859 Using SAD file for H
import_guess() line 829 Found SAD file for C
import_guess() line 859 Using SAD file for C
import_guess() line 829 Found SAD file for N
import_guess() line 859 Using SAD file for N
import_guess() line 829 Found SAD file for O
import_guess() line 859 Using SAD file for O
import_guess() line 829 Found SAD file for P
import_guess() line 859 Using SAD file for P
import_guess() line 829 Found SAD file for S
import_guess() line 859 Using SAD file for S
Job information:
  molecule:  1hsg_28.xyz
  basisset:  aug-cc-pvtz
  charge     = 0
  #atoms     = 122
  #shells    = 1403
  #functions = 4880
  fock build uses   9 (3x3) nodes
  purification uses 8 (2x2x2) nodes
  #tasks = 225 (15x15)
  #nthreads_cpu = 272
Initializing pfock ...
ARMCI-MPI initialized with 9 processes, MPI v3.1
  PROGRESS_THREAD        = DISABLED
  ALLOC_SHM used         = TRUE
  WINDOW type used       = ALLOCATE
  STRIDED_METHOD         = IOV
  IOV_METHOD             = BATCHED
  IOV_BATCHED_LIMIT      = UNLIMITED
  IOV_CHECKS             = FALSE
  SHR_BUF_METHOD         = COPY
  NONCOLLECTIVE_GROUPS   = FALSE
  CACHE_RANK_TRANSLATION = TRUE
  DEBUG_ALLOC            = FALSE

[0] ARMCI Warning: MPI_Win_allocate can lead to correctness issues.
MPI_WIN_MODEL = MPI_WIN_SEPARATE 
MPI_WIN_MODEL = MPI_WIN_SEPARATE 
**** PFock: screening ...
Screen method: 2
Screen tol:    1.000000e-14
MPI_WIN_MODEL = MPI_WIN_SEPARATE 
Timer: OSTEI setup, OSTEI actual, fock_task update_F = 0.002416, 0.011071, 0.000000 sec
Simint statistic: avg. ket-side nprim, prim unscreened ratio, SIMD unscreened ratio = 3.1, 26.0 %, 74.3 %
**** PFock: takes 8.195 secs
srun: error: nid05481: task 0: Segmentation fault
srun: Terminating job step 11121282.0
srun: error: nid05493: task 8: Segmentation fault
srun: error: nid05484: task 3: Segmentation fault
srun: error: nid05491: task 6: Segmentation fault
srun: error: nid05482: task 1: Segmentation fault
srun: error: nid05485: task 4: Segmentation fault
srun: error: nid05492: task 7: Segmentation fault
srun: error: nid05483: task 2: Segmentation fault
srun: error: nid05486: task 5: Segmentation fault
================= ano-dz + protein_28 ================================
MPI level: 2
import_basis() line 607 Warning: no valid basis type in gbs file... assuming Simint
normalization() line 92 Warning: NOT performing normalization for CARTESIAN
Job information:
  molecule:  protein_28.xyz
  basisset:  data
  charge     = 0
  #atoms     = 30
  #shells    = 214
  #functions = 526
  fock build uses   9 (3x3) nodes
  purification uses 8 (2x2x2) nodes
  #tasks = 225 (15x15)
  #nthreads_cpu = 272
Initializing pfock ...
ARMCI-MPI initialized with 9 processes, MPI v3.1
  PROGRESS_THREAD        = DISABLED
  ALLOC_SHM used         = TRUE
  WINDOW type used       = ALLOCATE
[0] ARMCI Warning: MPI_Win_allocate can lead to correctness issues.
  STRIDED_METHOD         = IOV
  IOV_METHOD             = BATCHED
  IOV_BATCHED_LIMIT      = UNLIMITED
  IOV_CHECKS             = FALSE
  SHR_BUF_METHOD         = COPY
  NONCOLLECTIVE_GROUPS   = FALSE
  CACHE_RANK_TRANSLATION = TRUE
  DEBUG_ALLOC            = FALSE

MPI_WIN_MODEL = MPI_WIN_SEPARATE 
MPI_WIN_MODEL = MPI_WIN_SEPARATE 
**** PFock: screening ...
Screen method: 2
Screen tol:    1.000000e-14
MPI_WIN_MODEL = MPI_WIN_SEPARATE 
Timer: OSTEI setup, OSTEI actual, fock_task update_F = 0.000148, 0.015819, 0.000000 sec
Simint statistic: avg. ket-side nprim, prim unscreened ratio, SIMD unscreened ratio = 76.0, 41.8 %, 43.9 %
**** PFock: takes 2.240 secs
MPI_WIN_MODEL = MPI_WIN_SEPARATE 
MPI_WIN_MODEL = MPI_WIN_SEPARATE 
MPI_WIN_MODEL = MPI_WIN_SEPARATE 
  FD size (186 186 526 526)
MPI_WIN_MODEL = MPI_WIN_SEPARATE 
MPI_WIN_MODEL = MPI_WIN_SEPARATE 
MPI_WIN_MODEL = MPI_WIN_SEPARATE 
MPI_WIN_MODEL = MPI_WIN_SEPARATE 
MPI_WIN_MODEL = MPI_WIN_SEPARATE 
MPI_WIN_MODEL = MPI_WIN_SEPARATE 
Screen method: 2
Screen tol:    1.000000e-14
  CPU uses 890.341 MB
  Done
Initializing purification ...
  CPU uses 17.942 MB
  Done
Preprocessing one electron matrices ...
  computing H
MPI_WIN_MODEL = MPI_WIN_SEPARATE 
MPI_WIN_MODEL = MPI_WIN_SEPARATE 
MPI_WIN_MODEL = MPI_WIN_SEPARATE 
  pdsyev_ takes 3.408 secs
MPI_WIN_MODEL = MPI_WIN_SEPARATE 
  takes 3.929 secs
  Done
  computing H
MPI_WIN_MODEL = MPI_WIN_SEPARATE 
  takes 0.457 secs
  Done
Computing SCF ...
  initialing D ...
  nuc energy = 1090.7330354964
  iter 0
**** PFock: correct F ...
    fock build takes 57.142 secs
    energy 1090.7330354964 (0.0000000000)
    diis takes 0.168 secs, 3.475 Gflops
mu_bar = -1.764448e+01, lambda = 7.264203e-01, hmax = 6.770556e+01, hmin = -9.292386e+01, nobtls = 62
    purification takes 0.752 secs, 56 iterations, 44.926 Gflops
  iter 1
**** PFock: correct F ...
    fock build takes 56.844 secs
    energy -681.2407866313 (-1771.9738221277), 1.771974e+03
    diis takes 0.055 secs, 10.493 Gflops
mu_bar = 2.951548e+00, lambda = 6.972479e-01, hmax = 9.187258e+01, hmin = -7.488276e+01, nobtls = 62
    purification takes 0.695 secs, 60 iterations, 51.916 Gflops
  iter 2
**** PFock: correct F ...
    fock build takes 57.210 secs
    energy -414.1878775011 (-1504.9209129975), 2.670529e+02
    diis takes 0.475 secs, 3.673 Gflops
mu_bar = -9.361875e-01, lambda = 7.248452e-01, hmax = 8.459932e+01, hmin = -7.999962e+01, nobtls = 62
    purification takes 0.452 secs, 58 iterations, 77.197 Gflops
  iter 3
**** PFock: correct F ...
    fock build takes 57.153 secs
    energy -258.9742707803 (-1349.7073062767), 1.552136e+02
    diis takes 0.154 secs, 11.364 Gflops
mu_bar = 4.844424e-01, lambda = 7.445103e-01, hmax = 8.376066e+01, hmin = -6.776086e+01, nobtls = 62
    purification takes 0.428 secs, 67 iterations, 93.809 Gflops
  iter 4
**** PFock: correct F ...
    fock build takes 57.294 secs
    energy -674.0192021135 (-1764.7522376099), 4.150449e+02
    diis takes 0.204 secs, 8.559 Gflops
mu_bar = 1.307091e+00, lambda = 7.514945e-01, hmax = 8.380936e+01, hmin = -6.995082e+01, nobtls = 62
    purification takes 1.117 secs, 68 iterations, 36.488 Gflops
  iter 5
**** PFock: correct F ...
    fock build takes 57.818 secs
    energy -542.8794179214 (-1633.6124534178), 1.311398e+02
    diis takes 0.234 secs, 7.469 Gflops
mu_bar = 1.302629e+00, lambda = 7.516055e-01, hmax = 8.379272e+01, hmin = -6.766037e+01, nobtls = 62
    purification takes 0.484 secs, 69 iterations, 85.388 Gflops
  iter 6
**** PFock: correct F ...
    fock build takes 58.265 secs
    energy -734.3519701458 (-1825.0850056421), 1.914726e+02
    diis takes 0.385 secs, 4.535 Gflops
mu_bar = 1.437429e+00, lambda = 7.498366e-01, hmax = 8.412210e+01, hmin = -6.996048e+01, nobtls = 62
    purification takes 1.005 secs, 71 iterations, 42.287 Gflops
  iter 7
**** PFock: correct F ...
    fock build takes 57.944 secs
    energy -475.1248273654 (-1565.8578628618), 2.592271e+02
    diis takes 0.276 secs, 6.332 Gflops
mu_bar = 1.446394e+00, lambda = 7.481261e-01, hmax = 8.432012e+01, hmin = -6.761177e+01, nobtls = 62
    purification takes 1.313 secs, 75 iterations, 34.127 Gflops
  iter 8
**** PFock: correct F ...
    fock build takes 57.116 secs
    energy -833.7815268628 (-1924.5145623592), 3.586567e+02
    diis takes 0.316 secs, 5.521 Gflops
mu_bar = 1.443003e+00, lambda = 7.491620e-01, hmax = 8.420214e+01, hmin = -6.779564e+01, nobtls = 62
    purification takes 0.455 secs, 69 iterations, 90.919 Gflops
  iter 9
**** PFock: correct F ...
Screen method: 2
Screen tol:    1.000000e-14
Timer: OSTEI setup, OSTEI actual, fock_task update_F = 0.000117, 0.063184, 0.000000 sec
Simint statistic: avg. ket-side nprim, prim unscreened ratio, SIMD unscreened ratio = 75.4, 42.7 %, 44.8 %
Screen method: 2
Screen tol:    1.000000e-14
Timer: OSTEI setup, OSTEI actual, fock_task update_F = 13.098716, 360.699781, 6.984552 sec
Simint statistic: avg. ket-side nprim, prim unscreened ratio, SIMD unscreened ratio = 1151.1, 19.0 %, 21.8 %
Screen method: 2
Screen tol:    1.000000e-14
Timer: OSTEI setup, OSTEI actual, fock_task update_F = 0.000164, 0.047628, 0.000000 sec
Simint statistic: avg. ket-side nprim, prim unscreened ratio, SIMD unscreened ratio = 80.4, 12.5 %, 19.0 %
Screen method: 2
Screen tol:    1.000000e-14
Timer: OSTEI setup, OSTEI actual, fock_task update_F = 12.316098, 365.148216, 6.653765 sec
Simint statistic: avg. ket-side nprim, prim unscreened ratio, SIMD unscreened ratio = 1226.4, 18.8 %, 21.7 %
Screen method: 2
Screen tol:    1.000000e-14
Timer: OSTEI setup, OSTEI actual, fock_task update_F = 0.000220, 0.020503, 0.000000 sec
Simint statistic: avg. ket-side nprim, prim unscreened ratio, SIMD unscreened ratio = 80.7, 12.7 %, 15.6 %
Screen method: 2
Screen tol:    1.000000e-14
Timer: OSTEI setup, OSTEI actual, fock_task update_F = 12.190956, 354.386000, 6.363733 sec
Simint statistic: avg. ket-side nprim, prim unscreened ratio, SIMD unscreened ratio = 1231.1, 18.6 %, 21.5 %
Screen method: 2
Screen tol:    1.000000e-14
Timer: OSTEI setup, OSTEI actual, fock_task update_F = 0.000111, 0.131641, 0.000000 sec
Simint statistic: avg. ket-side nprim, prim unscreened ratio, SIMD unscreened ratio = 80.7, 12.7 %, 21.0 %
Screen method: 2
Screen tol:    1.000000e-14
Timer: OSTEI setup, OSTEI actual, fock_task update_F = 12.383301, 370.148167, 6.895967 sec
Simint statistic: avg. ket-side nprim, prim unscreened ratio, SIMD unscreened ratio = 1163.4, 18.7 %, 21.6 %
    fock build takes 57.760 secs
    energy -815.0434074570 (-1905.7764429534), 1.873812e+01
    diis takes 0.277 secs, 6.316 Gflops
mu_bar = 1.556952e+00, lambda = 7.452560e-01, hmax = 8.474984e+01, hmin = -6.754641e+01, nobtls = 62
    purification takes 1.223 secs, 70 iterations, 34.257 Gflops
  totally takes 585.016 secs: 58.502 secs/iters
  Done
Timer: OSTEI setup, OSTEI actual, fock_task update_F = 11.602595, 327.668218, 6.172377 sec
Simint statistic: avg. ket-side nprim, prim unscreened ratio, SIMD unscreened ratio = 1167.3, 18.8 %, 21.7 %
Screen method: 2
Screen tol:    1.000000e-14
Timer: OSTEI setup, OSTEI actual, fock_task update_F = 0.000122, 0.032339, 0.000000 sec
Simint statistic: avg. ket-side nprim, prim unscreened ratio, SIMD unscreened ratio = 76.3, 4.0 %, 20.5 %
Screen method: 2
Screen tol:    1.000000e-14
Timer: OSTEI setup, OSTEI actual, fock_task update_F = 13.526790, 347.807981, 7.154477 sec
Simint statistic: avg. ket-side nprim, prim unscreened ratio, SIMD unscreened ratio = 1174.9, 18.8 %, 21.6 %
Screen method: 2
Screen tol:    1.000000e-14
Timer: OSTEI setup, OSTEI actual, fock_task update_F = 0.000145, 0.099292, 0.000000 sec
Simint statistic: avg. ket-side nprim, prim unscreened ratio, SIMD unscreened ratio = 84.5, 30.0 %, 32.2 %
Screen method: 2
Screen tol:    1.000000e-14
Timer: OSTEI setup, OSTEI actual, fock_task update_F = 11.427261, 393.745316, 6.581220 sec
Simint statistic: avg. ket-side nprim, prim unscreened ratio, SIMD unscreened ratio = 1226.4, 18.1 %, 21.0 %
Screen method: 2
Screen tol:    1.000000e-14
Timer: OSTEI setup, OSTEI actual, fock_task update_F = 0.000135, 0.014968, 0.000000 sec
Simint statistic: avg. ket-side nprim, prim unscreened ratio, SIMD unscreened ratio = 76.3, 4.0 %, 19.3 %
Screen method: 2
Screen tol:    1.000000e-14
Timer: OSTEI setup, OSTEI actual, fock_task update_F = 12.825545, 345.619366, 6.740255 sec
Simint statistic: avg. ket-side nprim, prim unscreened ratio, SIMD unscreened ratio = 1163.3, 18.9 %, 21.8 %
Screen method: 2
Screen tol:    1.000000e-14
Timer: OSTEI setup, OSTEI actual, fock_task update_F = 0.000105, 0.046753, 0.000000 sec
Simint statistic: avg. ket-side nprim, prim unscreened ratio, SIMD unscreened ratio = 80.4, 12.5 %, 20.3 %
Screen method: 2
Screen tol:    1.000000e-14
Timer: OSTEI setup, OSTEI actual, fock_task update_F = 12.688126, 402.204453, 7.334951 sec
Simint statistic: avg. ket-side nprim, prim unscreened ratio, SIMD unscreened ratio = 1153.2, 18.6 %, 21.5 %
